
*** Running vivado
    with args -log DATA_Flow.vds -m64 -product Vivado -mode batch -messageDb vivado.pb -notrace -source DATA_Flow.tcl


ECHO est  desativado.
ECHO est  desativado.
WARNING: Default location for XILINX_HLS not found: 

****** Vivado v2023.1 (64-bit)
  **** SW Build 3865809 on Sun May  7 15:05:29 MDT 2023
  **** IP Build 3864474 on Sun May  7 20:36:21 MDT 2023
  **** SharedData Build 3865790 on Sun May 07 13:33:03 MDT 2023
    ** Copyright 1986-2022 Xilinx, Inc. All Rights Reserved.
    ** Copyright 2022-2023 Advanced Micro Devices, Inc. All Rights Reserved.

source DATA_Flow.tcl -notrace
create_project: Time (s): cpu = 00:00:06 ; elapsed = 00:00:13 . Memory (MB): peak = 448.984 ; gain = 161.117
Command: read_checkpoint -auto_incremental -incremental D:/INSA_Toulouse/BE_VHDL/BE_Conception_uP_RISC/BE_Conception_uP_RISC.srcs/utils_1/imports/synth_1/DATA_Flow.dcp
INFO: [Vivado 12-5825] Read reference checkpoint from D:/INSA_Toulouse/BE_VHDL/BE_Conception_uP_RISC/BE_Conception_uP_RISC.srcs/utils_1/imports/synth_1/DATA_Flow.dcp for incremental synthesis
INFO: [Vivado 12-7989] Please ensure there are no constraint changes
Command: synth_design -top DATA_Flow -part xc7k70tfbv676-1
Starting synth_design
Attempting to get a license for feature 'Synthesis' and/or device 'xc7k70t'
INFO: [Common 17-349] Got license for feature 'Synthesis' and/or device 'xc7k70t'
INFO: [Designutils 20-5440] No compile time benefit to using incremental synthesis; A full resynthesis will be run
INFO: [Designutils 20-4379] Flow is switching to default flow due to incremental criteria not met. If you would like to alter this behaviour and have the flow terminate instead, please set the following parameter config_implementation {autoIncr.Synth.RejectBehavior Terminate}
INFO: [Synth 8-7079] Multithreading enabled for synth_design using a maximum of 2 processes.
INFO: [Synth 8-7078] Launching helper process for spawning children vivado processes
INFO: [Synth 8-7075] Helper process launched with PID 20896
---------------------------------------------------------------------------------
Starting Synthesize : Time (s): cpu = 00:00:05 ; elapsed = 00:00:13 . Memory (MB): peak = 892.418 ; gain = 410.750
---------------------------------------------------------------------------------
INFO: [Synth 8-638] synthesizing module 'DATA_Flow' [D:/INSA_Toulouse/BE_VHDL/BE_Conception_uP_RISC/BE_Conception_uP_RISC.srcs/sources_1/new/DATA_Flow.vhd:21]
INFO: [Synth 8-3491] module 'memInstru' declared at 'D:/INSA_Toulouse/BE_VHDL/BE_VHDL/BE_VHDL.srcs/sources_1/new/memInstru.vhd:12' bound to instance 'MEM_INSTRU' of component 'memInstru' [D:/INSA_Toulouse/BE_VHDL/BE_Conception_uP_RISC/BE_Conception_uP_RISC.srcs/sources_1/new/DATA_Flow.vhd:96]
INFO: [Synth 8-638] synthesizing module 'memInstru' [D:/INSA_Toulouse/BE_VHDL/BE_VHDL/BE_VHDL.srcs/sources_1/new/memInstru.vhd:19]
INFO: [Synth 8-256] done synthesizing module 'memInstru' (0#1) [D:/INSA_Toulouse/BE_VHDL/BE_VHDL/BE_VHDL.srcs/sources_1/new/memInstru.vhd:19]
INFO: [Synth 8-3491] module 'Flip_Flop_D' declared at 'D:/INSA_Toulouse/BE_VHDL/BE_VHDL/BE_VHDL.srcs/sources_1/new/Flip_Flop_D.vhd:12' bound to instance 'LI_DI' of component 'Flip_Flop_D' [D:/INSA_Toulouse/BE_VHDL/BE_Conception_uP_RISC/BE_Conception_uP_RISC.srcs/sources_1/new/DATA_Flow.vhd:100]
INFO: [Synth 8-638] synthesizing module 'Flip_Flop_D' [D:/INSA_Toulouse/BE_VHDL/BE_VHDL/BE_VHDL.srcs/sources_1/new/Flip_Flop_D.vhd:28]
INFO: [Synth 8-256] done synthesizing module 'Flip_Flop_D' (0#1) [D:/INSA_Toulouse/BE_VHDL/BE_VHDL/BE_VHDL.srcs/sources_1/new/Flip_Flop_D.vhd:28]
INFO: [Synth 8-3491] module 'RegistreBank' declared at 'D:/INSA_Toulouse/BE_VHDL/BE_VHDL/BE_VHDL.srcs/sources_1/new/RegistreBank.vhd:12' bound to instance 'BANC_REGISTRES' of component 'RegistreBank' [D:/INSA_Toulouse/BE_VHDL/BE_Conception_uP_RISC/BE_Conception_uP_RISC.srcs/sources_1/new/DATA_Flow.vhd:111]
INFO: [Synth 8-638] synthesizing module 'RegistreBank' [D:/INSA_Toulouse/BE_VHDL/BE_VHDL/BE_VHDL.srcs/sources_1/new/RegistreBank.vhd:25]
INFO: [Synth 8-256] done synthesizing module 'RegistreBank' (0#1) [D:/INSA_Toulouse/BE_VHDL/BE_VHDL/BE_VHDL.srcs/sources_1/new/RegistreBank.vhd:25]
INFO: [Synth 8-3491] module 'Flip_Flop_D' declared at 'D:/INSA_Toulouse/BE_VHDL/BE_VHDL/BE_VHDL.srcs/sources_1/new/Flip_Flop_D.vhd:12' bound to instance 'DI_EX' of component 'Flip_Flop_D' [D:/INSA_Toulouse/BE_VHDL/BE_Conception_uP_RISC/BE_Conception_uP_RISC.srcs/sources_1/new/DATA_Flow.vhd:121]
INFO: [Synth 8-3491] module 'ALU' declared at 'D:/INSA_Toulouse/BE_VHDL/BE_VHDL/BE_VHDL.srcs/sources_1/new/ALU.vhd:12' bound to instance 'ALU1' of component 'ALU' [D:/INSA_Toulouse/BE_VHDL/BE_Conception_uP_RISC/BE_Conception_uP_RISC.srcs/sources_1/new/DATA_Flow.vhd:132]
INFO: [Synth 8-638] synthesizing module 'ALU' [D:/INSA_Toulouse/BE_VHDL/BE_VHDL/BE_VHDL.srcs/sources_1/new/ALU.vhd:27]
INFO: [Synth 8-256] done synthesizing module 'ALU' (0#1) [D:/INSA_Toulouse/BE_VHDL/BE_VHDL/BE_VHDL.srcs/sources_1/new/ALU.vhd:27]
INFO: [Synth 8-3491] module 'Flip_Flop_D' declared at 'D:/INSA_Toulouse/BE_VHDL/BE_VHDL/BE_VHDL.srcs/sources_1/new/Flip_Flop_D.vhd:12' bound to instance 'EX_MEM' of component 'Flip_Flop_D' [D:/INSA_Toulouse/BE_VHDL/BE_Conception_uP_RISC/BE_Conception_uP_RISC.srcs/sources_1/new/DATA_Flow.vhd:140]
INFO: [Synth 8-3491] module 'memDonnees' declared at 'D:/INSA_Toulouse/BE_VHDL/BE_VHDL/BE_VHDL.srcs/sources_1/new/memDonnees.vhd:12' bound to instance 'MEM_DONNEES' of component 'memDonnees' [D:/INSA_Toulouse/BE_VHDL/BE_Conception_uP_RISC/BE_Conception_uP_RISC.srcs/sources_1/new/DATA_Flow.vhd:151]
INFO: [Synth 8-638] synthesizing module 'memDonnees' [D:/INSA_Toulouse/BE_VHDL/BE_VHDL/BE_VHDL.srcs/sources_1/new/memDonnees.vhd:22]
INFO: [Synth 8-256] done synthesizing module 'memDonnees' (0#1) [D:/INSA_Toulouse/BE_VHDL/BE_VHDL/BE_VHDL.srcs/sources_1/new/memDonnees.vhd:22]
INFO: [Synth 8-3491] module 'Flip_Flop_D' declared at 'D:/INSA_Toulouse/BE_VHDL/BE_VHDL/BE_VHDL.srcs/sources_1/new/Flip_Flop_D.vhd:12' bound to instance 'MEM_RE' of component 'Flip_Flop_D' [D:/INSA_Toulouse/BE_VHDL/BE_Conception_uP_RISC/BE_Conception_uP_RISC.srcs/sources_1/new/DATA_Flow.vhd:158]
INFO: [Synth 8-256] done synthesizing module 'DATA_Flow' (0#1) [D:/INSA_Toulouse/BE_VHDL/BE_Conception_uP_RISC/BE_Conception_uP_RISC.srcs/sources_1/new/DATA_Flow.vhd:21]
WARNING: [Synth 8-3848] Net registers[15] in module/entity memInstru does not have driver. [D:/INSA_Toulouse/BE_VHDL/BE_VHDL/BE_VHDL.srcs/sources_1/new/memInstru.vhd:22]
WARNING: [Synth 8-3848] Net registers[16] in module/entity memInstru does not have driver. [D:/INSA_Toulouse/BE_VHDL/BE_VHDL/BE_VHDL.srcs/sources_1/new/memInstru.vhd:22]
WARNING: [Synth 8-3848] Net registers[17] in module/entity memInstru does not have driver. [D:/INSA_Toulouse/BE_VHDL/BE_VHDL/BE_VHDL.srcs/sources_1/new/memInstru.vhd:22]
WARNING: [Synth 8-3848] Net registers[18] in module/entity memInstru does not have driver. [D:/INSA_Toulouse/BE_VHDL/BE_VHDL/BE_VHDL.srcs/sources_1/new/memInstru.vhd:22]
WARNING: [Synth 8-3848] Net registers[19] in module/entity memInstru does not have driver. [D:/INSA_Toulouse/BE_VHDL/BE_VHDL/BE_VHDL.srcs/sources_1/new/memInstru.vhd:22]
WARNING: [Synth 8-3848] Net registers[20] in module/entity memInstru does not have driver. [D:/INSA_Toulouse/BE_VHDL/BE_VHDL/BE_VHDL.srcs/sources_1/new/memInstru.vhd:22]
WARNING: [Synth 8-3848] Net registers[21] in module/entity memInstru does not have driver. [D:/INSA_Toulouse/BE_VHDL/BE_VHDL/BE_VHDL.srcs/sources_1/new/memInstru.vhd:22]
WARNING: [Synth 8-3848] Net registers[22] in module/entity memInstru does not have driver. [D:/INSA_Toulouse/BE_VHDL/BE_VHDL/BE_VHDL.srcs/sources_1/new/memInstru.vhd:22]
WARNING: [Synth 8-3848] Net registers[23] in module/entity memInstru does not have driver. [D:/INSA_Toulouse/BE_VHDL/BE_VHDL/BE_VHDL.srcs/sources_1/new/memInstru.vhd:22]
WARNING: [Synth 8-3848] Net registers[24] in module/entity memInstru does not have driver. [D:/INSA_Toulouse/BE_VHDL/BE_VHDL/BE_VHDL.srcs/sources_1/new/memInstru.vhd:22]
WARNING: [Synth 8-3848] Net registers[25] in module/entity memInstru does not have driver. [D:/INSA_Toulouse/BE_VHDL/BE_VHDL/BE_VHDL.srcs/sources_1/new/memInstru.vhd:22]
WARNING: [Synth 8-3848] Net registers[26] in module/entity memInstru does not have driver. [D:/INSA_Toulouse/BE_VHDL/BE_VHDL/BE_VHDL.srcs/sources_1/new/memInstru.vhd:22]
WARNING: [Synth 8-3848] Net registers[27] in module/entity memInstru does not have driver. [D:/INSA_Toulouse/BE_VHDL/BE_VHDL/BE_VHDL.srcs/sources_1/new/memInstru.vhd:22]
WARNING: [Synth 8-3848] Net registers[28] in module/entity memInstru does not have driver. [D:/INSA_Toulouse/BE_VHDL/BE_VHDL/BE_VHDL.srcs/sources_1/new/memInstru.vhd:22]
WARNING: [Synth 8-3848] Net registers[29] in module/entity memInstru does not have driver. [D:/INSA_Toulouse/BE_VHDL/BE_VHDL/BE_VHDL.srcs/sources_1/new/memInstru.vhd:22]
WARNING: [Synth 8-3848] Net registers[30] in module/entity memInstru does not have driver. [D:/INSA_Toulouse/BE_VHDL/BE_VHDL/BE_VHDL.srcs/sources_1/new/memInstru.vhd:22]
WARNING: [Synth 8-3848] Net registers[31] in module/entity memInstru does not have driver. [D:/INSA_Toulouse/BE_VHDL/BE_VHDL/BE_VHDL.srcs/sources_1/new/memInstru.vhd:22]
WARNING: [Synth 8-3848] Net registers[32] in module/entity memInstru does not have driver. [D:/INSA_Toulouse/BE_VHDL/BE_VHDL/BE_VHDL.srcs/sources_1/new/memInstru.vhd:22]
WARNING: [Synth 8-3848] Net registers[33] in module/entity memInstru does not have driver. [D:/INSA_Toulouse/BE_VHDL/BE_VHDL/BE_VHDL.srcs/sources_1/new/memInstru.vhd:22]
WARNING: [Synth 8-3848] Net registers[34] in module/entity memInstru does not have driver. [D:/INSA_Toulouse/BE_VHDL/BE_VHDL/BE_VHDL.srcs/sources_1/new/memInstru.vhd:22]
WARNING: [Synth 8-3848] Net registers[35] in module/entity memInstru does not have driver. [D:/INSA_Toulouse/BE_VHDL/BE_VHDL/BE_VHDL.srcs/sources_1/new/memInstru.vhd:22]
WARNING: [Synth 8-3848] Net registers[36] in module/entity memInstru does not have driver. [D:/INSA_Toulouse/BE_VHDL/BE_VHDL/BE_VHDL.srcs/sources_1/new/memInstru.vhd:22]
WARNING: [Synth 8-3848] Net registers[37] in module/entity memInstru does not have driver. [D:/INSA_Toulouse/BE_VHDL/BE_VHDL/BE_VHDL.srcs/sources_1/new/memInstru.vhd:22]
WARNING: [Synth 8-3848] Net registers[38] in module/entity memInstru does not have driver. [D:/INSA_Toulouse/BE_VHDL/BE_VHDL/BE_VHDL.srcs/sources_1/new/memInstru.vhd:22]
WARNING: [Synth 8-3848] Net registers[39] in module/entity memInstru does not have driver. [D:/INSA_Toulouse/BE_VHDL/BE_VHDL/BE_VHDL.srcs/sources_1/new/memInstru.vhd:22]
WARNING: [Synth 8-3848] Net registers[40] in module/entity memInstru does not have driver. [D:/INSA_Toulouse/BE_VHDL/BE_VHDL/BE_VHDL.srcs/sources_1/new/memInstru.vhd:22]
WARNING: [Synth 8-3848] Net registers[41] in module/entity memInstru does not have driver. [D:/INSA_Toulouse/BE_VHDL/BE_VHDL/BE_VHDL.srcs/sources_1/new/memInstru.vhd:22]
WARNING: [Synth 8-3848] Net registers[42] in module/entity memInstru does not have driver. [D:/INSA_Toulouse/BE_VHDL/BE_VHDL/BE_VHDL.srcs/sources_1/new/memInstru.vhd:22]
WARNING: [Synth 8-3848] Net registers[43] in module/entity memInstru does not have driver. [D:/INSA_Toulouse/BE_VHDL/BE_VHDL/BE_VHDL.srcs/sources_1/new/memInstru.vhd:22]
WARNING: [Synth 8-3848] Net registers[44] in module/entity memInstru does not have driver. [D:/INSA_Toulouse/BE_VHDL/BE_VHDL/BE_VHDL.srcs/sources_1/new/memInstru.vhd:22]
WARNING: [Synth 8-3848] Net registers[45] in module/entity memInstru does not have driver. [D:/INSA_Toulouse/BE_VHDL/BE_VHDL/BE_VHDL.srcs/sources_1/new/memInstru.vhd:22]
WARNING: [Synth 8-3848] Net registers[46] in module/entity memInstru does not have driver. [D:/INSA_Toulouse/BE_VHDL/BE_VHDL/BE_VHDL.srcs/sources_1/new/memInstru.vhd:22]
WARNING: [Synth 8-3848] Net registers[47] in module/entity memInstru does not have driver. [D:/INSA_Toulouse/BE_VHDL/BE_VHDL/BE_VHDL.srcs/sources_1/new/memInstru.vhd:22]
WARNING: [Synth 8-3848] Net registers[48] in module/entity memInstru does not have driver. [D:/INSA_Toulouse/BE_VHDL/BE_VHDL/BE_VHDL.srcs/sources_1/new/memInstru.vhd:22]
WARNING: [Synth 8-3848] Net registers[49] in module/entity memInstru does not have driver. [D:/INSA_Toulouse/BE_VHDL/BE_VHDL/BE_VHDL.srcs/sources_1/new/memInstru.vhd:22]
WARNING: [Synth 8-3848] Net registers[50] in module/entity memInstru does not have driver. [D:/INSA_Toulouse/BE_VHDL/BE_VHDL/BE_VHDL.srcs/sources_1/new/memInstru.vhd:22]
WARNING: [Synth 8-3848] Net registers[51] in module/entity memInstru does not have driver. [D:/INSA_Toulouse/BE_VHDL/BE_VHDL/BE_VHDL.srcs/sources_1/new/memInstru.vhd:22]
WARNING: [Synth 8-3848] Net registers[52] in module/entity memInstru does not have driver. [D:/INSA_Toulouse/BE_VHDL/BE_VHDL/BE_VHDL.srcs/sources_1/new/memInstru.vhd:22]
WARNING: [Synth 8-3848] Net registers[53] in module/entity memInstru does not have driver. [D:/INSA_Toulouse/BE_VHDL/BE_VHDL/BE_VHDL.srcs/sources_1/new/memInstru.vhd:22]
WARNING: [Synth 8-3848] Net registers[54] in module/entity memInstru does not have driver. [D:/INSA_Toulouse/BE_VHDL/BE_VHDL/BE_VHDL.srcs/sources_1/new/memInstru.vhd:22]
WARNING: [Synth 8-3848] Net registers[55] in module/entity memInstru does not have driver. [D:/INSA_Toulouse/BE_VHDL/BE_VHDL/BE_VHDL.srcs/sources_1/new/memInstru.vhd:22]
WARNING: [Synth 8-3848] Net registers[56] in module/entity memInstru does not have driver. [D:/INSA_Toulouse/BE_VHDL/BE_VHDL/BE_VHDL.srcs/sources_1/new/memInstru.vhd:22]
WARNING: [Synth 8-3848] Net registers[57] in module/entity memInstru does not have driver. [D:/INSA_Toulouse/BE_VHDL/BE_VHDL/BE_VHDL.srcs/sources_1/new/memInstru.vhd:22]
WARNING: [Synth 8-3848] Net registers[58] in module/entity memInstru does not have driver. [D:/INSA_Toulouse/BE_VHDL/BE_VHDL/BE_VHDL.srcs/sources_1/new/memInstru.vhd:22]
WARNING: [Synth 8-3848] Net registers[59] in module/entity memInstru does not have driver. [D:/INSA_Toulouse/BE_VHDL/BE_VHDL/BE_VHDL.srcs/sources_1/new/memInstru.vhd:22]
WARNING: [Synth 8-3848] Net registers[60] in module/entity memInstru does not have driver. [D:/INSA_Toulouse/BE_VHDL/BE_VHDL/BE_VHDL.srcs/sources_1/new/memInstru.vhd:22]
WARNING: [Synth 8-3848] Net registers[61] in module/entity memInstru does not have driver. [D:/INSA_Toulouse/BE_VHDL/BE_VHDL/BE_VHDL.srcs/sources_1/new/memInstru.vhd:22]
WARNING: [Synth 8-3848] Net registers[62] in module/entity memInstru does not have driver. [D:/INSA_Toulouse/BE_VHDL/BE_VHDL/BE_VHDL.srcs/sources_1/new/memInstru.vhd:22]
WARNING: [Synth 8-3848] Net registers[63] in module/entity memInstru does not have driver. [D:/INSA_Toulouse/BE_VHDL/BE_VHDL/BE_VHDL.srcs/sources_1/new/memInstru.vhd:22]
WARNING: [Synth 8-3848] Net registers[64] in module/entity memInstru does not have driver. [D:/INSA_Toulouse/BE_VHDL/BE_VHDL/BE_VHDL.srcs/sources_1/new/memInstru.vhd:22]
WARNING: [Synth 8-3848] Net registers[65] in module/entity memInstru does not have driver. [D:/INSA_Toulouse/BE_VHDL/BE_VHDL/BE_VHDL.srcs/sources_1/new/memInstru.vhd:22]
WARNING: [Synth 8-3848] Net registers[66] in module/entity memInstru does not have driver. [D:/INSA_Toulouse/BE_VHDL/BE_VHDL/BE_VHDL.srcs/sources_1/new/memInstru.vhd:22]
WARNING: [Synth 8-3848] Net registers[67] in module/entity memInstru does not have driver. [D:/INSA_Toulouse/BE_VHDL/BE_VHDL/BE_VHDL.srcs/sources_1/new/memInstru.vhd:22]
WARNING: [Synth 8-3848] Net registers[68] in module/entity memInstru does not have driver. [D:/INSA_Toulouse/BE_VHDL/BE_VHDL/BE_VHDL.srcs/sources_1/new/memInstru.vhd:22]
WARNING: [Synth 8-3848] Net registers[69] in module/entity memInstru does not have driver. [D:/INSA_Toulouse/BE_VHDL/BE_VHDL/BE_VHDL.srcs/sources_1/new/memInstru.vhd:22]
WARNING: [Synth 8-3848] Net registers[70] in module/entity memInstru does not have driver. [D:/INSA_Toulouse/BE_VHDL/BE_VHDL/BE_VHDL.srcs/sources_1/new/memInstru.vhd:22]
WARNING: [Synth 8-3848] Net registers[71] in module/entity memInstru does not have driver. [D:/INSA_Toulouse/BE_VHDL/BE_VHDL/BE_VHDL.srcs/sources_1/new/memInstru.vhd:22]
WARNING: [Synth 8-3848] Net registers[72] in module/entity memInstru does not have driver. [D:/INSA_Toulouse/BE_VHDL/BE_VHDL/BE_VHDL.srcs/sources_1/new/memInstru.vhd:22]
WARNING: [Synth 8-3848] Net registers[73] in module/entity memInstru does not have driver. [D:/INSA_Toulouse/BE_VHDL/BE_VHDL/BE_VHDL.srcs/sources_1/new/memInstru.vhd:22]
WARNING: [Synth 8-3848] Net registers[74] in module/entity memInstru does not have driver. [D:/INSA_Toulouse/BE_VHDL/BE_VHDL/BE_VHDL.srcs/sources_1/new/memInstru.vhd:22]
WARNING: [Synth 8-3848] Net registers[75] in module/entity memInstru does not have driver. [D:/INSA_Toulouse/BE_VHDL/BE_VHDL/BE_VHDL.srcs/sources_1/new/memInstru.vhd:22]
WARNING: [Synth 8-3848] Net registers[76] in module/entity memInstru does not have driver. [D:/INSA_Toulouse/BE_VHDL/BE_VHDL/BE_VHDL.srcs/sources_1/new/memInstru.vhd:22]
WARNING: [Synth 8-3848] Net registers[77] in module/entity memInstru does not have driver. [D:/INSA_Toulouse/BE_VHDL/BE_VHDL/BE_VHDL.srcs/sources_1/new/memInstru.vhd:22]
WARNING: [Synth 8-3848] Net registers[78] in module/entity memInstru does not have driver. [D:/INSA_Toulouse/BE_VHDL/BE_VHDL/BE_VHDL.srcs/sources_1/new/memInstru.vhd:22]
WARNING: [Synth 8-3848] Net registers[79] in module/entity memInstru does not have driver. [D:/INSA_Toulouse/BE_VHDL/BE_VHDL/BE_VHDL.srcs/sources_1/new/memInstru.vhd:22]
WARNING: [Synth 8-3848] Net registers[80] in module/entity memInstru does not have driver. [D:/INSA_Toulouse/BE_VHDL/BE_VHDL/BE_VHDL.srcs/sources_1/new/memInstru.vhd:22]
WARNING: [Synth 8-3848] Net registers[81] in module/entity memInstru does not have driver. [D:/INSA_Toulouse/BE_VHDL/BE_VHDL/BE_VHDL.srcs/sources_1/new/memInstru.vhd:22]
WARNING: [Synth 8-3848] Net registers[82] in module/entity memInstru does not have driver. [D:/INSA_Toulouse/BE_VHDL/BE_VHDL/BE_VHDL.srcs/sources_1/new/memInstru.vhd:22]
WARNING: [Synth 8-3848] Net registers[83] in module/entity memInstru does not have driver. [D:/INSA_Toulouse/BE_VHDL/BE_VHDL/BE_VHDL.srcs/sources_1/new/memInstru.vhd:22]
WARNING: [Synth 8-3848] Net registers[84] in module/entity memInstru does not have driver. [D:/INSA_Toulouse/BE_VHDL/BE_VHDL/BE_VHDL.srcs/sources_1/new/memInstru.vhd:22]
WARNING: [Synth 8-3848] Net registers[85] in module/entity memInstru does not have driver. [D:/INSA_Toulouse/BE_VHDL/BE_VHDL/BE_VHDL.srcs/sources_1/new/memInstru.vhd:22]
WARNING: [Synth 8-3848] Net registers[86] in module/entity memInstru does not have driver. [D:/INSA_Toulouse/BE_VHDL/BE_VHDL/BE_VHDL.srcs/sources_1/new/memInstru.vhd:22]
WARNING: [Synth 8-3848] Net registers[87] in module/entity memInstru does not have driver. [D:/INSA_Toulouse/BE_VHDL/BE_VHDL/BE_VHDL.srcs/sources_1/new/memInstru.vhd:22]
WARNING: [Synth 8-3848] Net registers[88] in module/entity memInstru does not have driver. [D:/INSA_Toulouse/BE_VHDL/BE_VHDL/BE_VHDL.srcs/sources_1/new/memInstru.vhd:22]
WARNING: [Synth 8-3848] Net registers[89] in module/entity memInstru does not have driver. [D:/INSA_Toulouse/BE_VHDL/BE_VHDL/BE_VHDL.srcs/sources_1/new/memInstru.vhd:22]
WARNING: [Synth 8-3848] Net registers[90] in module/entity memInstru does not have driver. [D:/INSA_Toulouse/BE_VHDL/BE_VHDL/BE_VHDL.srcs/sources_1/new/memInstru.vhd:22]
WARNING: [Synth 8-3848] Net registers[91] in module/entity memInstru does not have driver. [D:/INSA_Toulouse/BE_VHDL/BE_VHDL/BE_VHDL.srcs/sources_1/new/memInstru.vhd:22]
WARNING: [Synth 8-3848] Net registers[92] in module/entity memInstru does not have driver. [D:/INSA_Toulouse/BE_VHDL/BE_VHDL/BE_VHDL.srcs/sources_1/new/memInstru.vhd:22]
WARNING: [Synth 8-3848] Net registers[93] in module/entity memInstru does not have driver. [D:/INSA_Toulouse/BE_VHDL/BE_VHDL/BE_VHDL.srcs/sources_1/new/memInstru.vhd:22]
WARNING: [Synth 8-3848] Net registers[94] in module/entity memInstru does not have driver. [D:/INSA_Toulouse/BE_VHDL/BE_VHDL/BE_VHDL.srcs/sources_1/new/memInstru.vhd:22]
WARNING: [Synth 8-3848] Net registers[95] in module/entity memInstru does not have driver. [D:/INSA_Toulouse/BE_VHDL/BE_VHDL/BE_VHDL.srcs/sources_1/new/memInstru.vhd:22]
WARNING: [Synth 8-3848] Net registers[96] in module/entity memInstru does not have driver. [D:/INSA_Toulouse/BE_VHDL/BE_VHDL/BE_VHDL.srcs/sources_1/new/memInstru.vhd:22]
WARNING: [Synth 8-3848] Net registers[97] in module/entity memInstru does not have driver. [D:/INSA_Toulouse/BE_VHDL/BE_VHDL/BE_VHDL.srcs/sources_1/new/memInstru.vhd:22]
WARNING: [Synth 8-3848] Net registers[98] in module/entity memInstru does not have driver. [D:/INSA_Toulouse/BE_VHDL/BE_VHDL/BE_VHDL.srcs/sources_1/new/memInstru.vhd:22]
WARNING: [Synth 8-3848] Net registers[99] in module/entity memInstru does not have driver. [D:/INSA_Toulouse/BE_VHDL/BE_VHDL/BE_VHDL.srcs/sources_1/new/memInstru.vhd:22]
WARNING: [Synth 8-3848] Net registers[100] in module/entity memInstru does not have driver. [D:/INSA_Toulouse/BE_VHDL/BE_VHDL/BE_VHDL.srcs/sources_1/new/memInstru.vhd:22]
WARNING: [Synth 8-3848] Net registers[101] in module/entity memInstru does not have driver. [D:/INSA_Toulouse/BE_VHDL/BE_VHDL/BE_VHDL.srcs/sources_1/new/memInstru.vhd:22]
WARNING: [Synth 8-3848] Net registers[102] in module/entity memInstru does not have driver. [D:/INSA_Toulouse/BE_VHDL/BE_VHDL/BE_VHDL.srcs/sources_1/new/memInstru.vhd:22]
WARNING: [Synth 8-3848] Net registers[103] in module/entity memInstru does not have driver. [D:/INSA_Toulouse/BE_VHDL/BE_VHDL/BE_VHDL.srcs/sources_1/new/memInstru.vhd:22]
WARNING: [Synth 8-3848] Net registers[104] in module/entity memInstru does not have driver. [D:/INSA_Toulouse/BE_VHDL/BE_VHDL/BE_VHDL.srcs/sources_1/new/memInstru.vhd:22]
WARNING: [Synth 8-3848] Net registers[105] in module/entity memInstru does not have driver. [D:/INSA_Toulouse/BE_VHDL/BE_VHDL/BE_VHDL.srcs/sources_1/new/memInstru.vhd:22]
WARNING: [Synth 8-3848] Net registers[106] in module/entity memInstru does not have driver. [D:/INSA_Toulouse/BE_VHDL/BE_VHDL/BE_VHDL.srcs/sources_1/new/memInstru.vhd:22]
WARNING: [Synth 8-3848] Net registers[107] in module/entity memInstru does not have driver. [D:/INSA_Toulouse/BE_VHDL/BE_VHDL/BE_VHDL.srcs/sources_1/new/memInstru.vhd:22]
WARNING: [Synth 8-3848] Net registers[108] in module/entity memInstru does not have driver. [D:/INSA_Toulouse/BE_VHDL/BE_VHDL/BE_VHDL.srcs/sources_1/new/memInstru.vhd:22]
WARNING: [Synth 8-3848] Net registers[109] in module/entity memInstru does not have driver. [D:/INSA_Toulouse/BE_VHDL/BE_VHDL/BE_VHDL.srcs/sources_1/new/memInstru.vhd:22]
WARNING: [Synth 8-3848] Net registers[110] in module/entity memInstru does not have driver. [D:/INSA_Toulouse/BE_VHDL/BE_VHDL/BE_VHDL.srcs/sources_1/new/memInstru.vhd:22]
WARNING: [Synth 8-3848] Net registers[111] in module/entity memInstru does not have driver. [D:/INSA_Toulouse/BE_VHDL/BE_VHDL/BE_VHDL.srcs/sources_1/new/memInstru.vhd:22]
WARNING: [Synth 8-3848] Net registers[112] in module/entity memInstru does not have driver. [D:/INSA_Toulouse/BE_VHDL/BE_VHDL/BE_VHDL.srcs/sources_1/new/memInstru.vhd:22]
WARNING: [Synth 8-3848] Net registers[113] in module/entity memInstru does not have driver. [D:/INSA_Toulouse/BE_VHDL/BE_VHDL/BE_VHDL.srcs/sources_1/new/memInstru.vhd:22]
WARNING: [Synth 8-3848] Net registers[114] in module/entity memInstru does not have driver. [D:/INSA_Toulouse/BE_VHDL/BE_VHDL/BE_VHDL.srcs/sources_1/new/memInstru.vhd:22]
INFO: [Common 17-14] Message 'Synth 8-3848' appears 100 times and further instances of the messages will be disabled. Use the Tcl command set_msg_config to change the current settings.
---------------------------------------------------------------------------------
Finished Synthesize : Time (s): cpu = 00:00:07 ; elapsed = 00:00:17 . Memory (MB): peak = 1045.809 ; gain = 564.141
---------------------------------------------------------------------------------
---------------------------------------------------------------------------------
Finished Constraint Validation : Time (s): cpu = 00:00:08 ; elapsed = 00:00:18 . Memory (MB): peak = 1045.809 ; gain = 564.141
---------------------------------------------------------------------------------
---------------------------------------------------------------------------------
Start Loading Part and Timing Information
---------------------------------------------------------------------------------
Loading part: xc7k70tfbv676-1
---------------------------------------------------------------------------------
Finished Loading Part and Timing Information : Time (s): cpu = 00:00:08 ; elapsed = 00:00:18 . Memory (MB): peak = 1045.809 ; gain = 564.141
---------------------------------------------------------------------------------
INFO: [Device 21-403] Loading part xc7k70tfbv676-1
---------------------------------------------------------------------------------
Finished RTL Optimization Phase 2 : Time (s): cpu = 00:00:10 ; elapsed = 00:00:21 . Memory (MB): peak = 1057.180 ; gain = 575.512
---------------------------------------------------------------------------------
No constraint files found.
---------------------------------------------------------------------------------
Start RTL Component Statistics 
---------------------------------------------------------------------------------
Detailed RTL Component Info : 
+---Adders : 
	   3 Input   16 Bit       Adders := 1     
	   2 Input    9 Bit       Adders := 1     
+---XORs : 
	   2 Input     16 Bit         XORs := 1     
+---Registers : 
	               32 Bit    Registers := 1     
	                8 Bit    Registers := 293   
	                3 Bit    Registers := 1     
+---Muxes : 
	   2 Input    8 Bit        Muxes := 8     
	   4 Input    8 Bit        Muxes := 1     
	   2 Input    3 Bit        Muxes := 1     
	   4 Input    3 Bit        Muxes := 1     
	   2 Input    1 Bit        Muxes := 275   
---------------------------------------------------------------------------------
Finished RTL Component Statistics 
---------------------------------------------------------------------------------
---------------------------------------------------------------------------------
Start Part Resource Summary
---------------------------------------------------------------------------------
Part Resources:
DSPs: 240 (col length:80)
BRAMs: 270 (col length: RAMB18 80 RAMB36 40)
---------------------------------------------------------------------------------
Finished Part Resource Summary
---------------------------------------------------------------------------------
No constraint files found.
---------------------------------------------------------------------------------
Start Cross Boundary and Area Optimization
---------------------------------------------------------------------------------
WARNING: [Synth 8-7080] Parallel synthesis criteria is not met
---------------------------------------------------------------------------------
Finished Cross Boundary and Area Optimization : Time (s): cpu = 00:00:16 ; elapsed = 00:00:39 . Memory (MB): peak = 1190.398 ; gain = 708.730
---------------------------------------------------------------------------------
No constraint files found.
---------------------------------------------------------------------------------
Start Timing Optimization
---------------------------------------------------------------------------------
---------------------------------------------------------------------------------
Finished Timing Optimization : Time (s): cpu = 00:00:16 ; elapsed = 00:00:39 . Memory (MB): peak = 1190.398 ; gain = 708.730
---------------------------------------------------------------------------------
---------------------------------------------------------------------------------
Start Technology Mapping
---------------------------------------------------------------------------------
---------------------------------------------------------------------------------
Finished Technology Mapping : Time (s): cpu = 00:00:16 ; elapsed = 00:00:39 . Memory (MB): peak = 1190.398 ; gain = 708.730
---------------------------------------------------------------------------------
---------------------------------------------------------------------------------
Start IO Insertion
---------------------------------------------------------------------------------
---------------------------------------------------------------------------------
Start Flattening Before IO Insertion
---------------------------------------------------------------------------------
---------------------------------------------------------------------------------
Finished Flattening Before IO Insertion
---------------------------------------------------------------------------------
---------------------------------------------------------------------------------
Start Final Netlist Cleanup
---------------------------------------------------------------------------------
---------------------------------------------------------------------------------
Finished Final Netlist Cleanup
---------------------------------------------------------------------------------
---------------------------------------------------------------------------------
Finished IO Insertion : Time (s): cpu = 00:00:21 ; elapsed = 00:00:44 . Memory (MB): peak = 1190.398 ; gain = 708.730
---------------------------------------------------------------------------------
---------------------------------------------------------------------------------
Start Renaming Generated Instances
---------------------------------------------------------------------------------
---------------------------------------------------------------------------------
Finished Renaming Generated Instances : Time (s): cpu = 00:00:21 ; elapsed = 00:00:44 . Memory (MB): peak = 1190.398 ; gain = 708.730
---------------------------------------------------------------------------------
---------------------------------------------------------------------------------
Start Rebuilding User Hierarchy
---------------------------------------------------------------------------------
---------------------------------------------------------------------------------
Finished Rebuilding User Hierarchy : Time (s): cpu = 00:00:21 ; elapsed = 00:00:44 . Memory (MB): peak = 1190.398 ; gain = 708.730
---------------------------------------------------------------------------------
---------------------------------------------------------------------------------
Start Renaming Generated Ports
---------------------------------------------------------------------------------
---------------------------------------------------------------------------------
Finished Renaming Generated Ports : Time (s): cpu = 00:00:21 ; elapsed = 00:00:44 . Memory (MB): peak = 1190.398 ; gain = 708.730
---------------------------------------------------------------------------------
---------------------------------------------------------------------------------
Start Handling Custom Attributes
---------------------------------------------------------------------------------
---------------------------------------------------------------------------------
Finished Handling Custom Attributes : Time (s): cpu = 00:00:21 ; elapsed = 00:00:44 . Memory (MB): peak = 1190.398 ; gain = 708.730
---------------------------------------------------------------------------------
---------------------------------------------------------------------------------
Start Renaming Generated Nets
---------------------------------------------------------------------------------
---------------------------------------------------------------------------------
Finished Renaming Generated Nets : Time (s): cpu = 00:00:21 ; elapsed = 00:00:44 . Memory (MB): peak = 1190.398 ; gain = 708.730
---------------------------------------------------------------------------------
---------------------------------------------------------------------------------
Start Writing Synthesis Report
---------------------------------------------------------------------------------

Report BlackBoxes: 
+-+--------------+----------+
| |BlackBox name |Instances |
+-+--------------+----------+
+-+--------------+----------+

Report Cell Usage: 
+-+-----+------+
| |Cell |Count |
+-+-----+------+
+-+-----+------+

Report Instance Areas: 
+------+---------+-------+------+
|      |Instance |Module |Cells |
+------+---------+-------+------+
|1     |top      |       |     0|
+------+---------+-------+------+
---------------------------------------------------------------------------------
Finished Writing Synthesis Report : Time (s): cpu = 00:00:21 ; elapsed = 00:00:44 . Memory (MB): peak = 1190.398 ; gain = 708.730
---------------------------------------------------------------------------------
Synthesis finished with 0 errors, 0 critical warnings and 242 warnings.
Synthesis Optimization Runtime : Time (s): cpu = 00:00:21 ; elapsed = 00:00:44 . Memory (MB): peak = 1190.398 ; gain = 708.730
Synthesis Optimization Complete : Time (s): cpu = 00:00:21 ; elapsed = 00:00:44 . Memory (MB): peak = 1190.398 ; gain = 708.730
INFO: [Project 1-571] Translating synthesized netlist
Netlist sorting complete. Time (s): cpu = 00:00:00 ; elapsed = 00:00:00.001 . Memory (MB): peak = 1190.398 ; gain = 0.000
INFO: [Project 1-570] Preparing netlist for logic optimization
INFO: [Opt 31-138] Pushed 0 inverter(s) to 0 load pin(s).
Netlist sorting complete. Time (s): cpu = 00:00:00 ; elapsed = 00:00:00 . Memory (MB): peak = 1283.234 ; gain = 0.000
INFO: [Project 1-111] Unisim Transformation Summary:
No Unisim elements were transformed.

Synth Design complete | Checksum: 96908e3e
INFO: [Common 17-83] Releasing license: Synthesis
35 Infos, 101 Warnings, 0 Critical Warnings and 0 Errors encountered.
synth_design completed successfully
synth_design: Time (s): cpu = 00:00:23 ; elapsed = 00:00:54 . Memory (MB): peak = 1283.234 ; gain = 810.352
INFO: [Common 17-1381] The checkpoint 'D:/INSA_Toulouse/BE_VHDL/BE_Conception_uP_RISC/BE_Conception_uP_RISC.runs/synth_1/DATA_Flow.dcp' has been generated.
INFO: [runtcl-4] Executing : report_utilization -file DATA_Flow_utilization_synth.rpt -pb DATA_Flow_utilization_synth.pb
INFO: [Common 17-206] Exiting Vivado at Fri Dec 13 09:49:47 2024...
